Using pre-set license
Built from '2022.3/staging' branch; Version is '2022.3.37f1 (340ba89e4c23) revision 3410856'; Using compiler version '192829333'; Build Type 'Release'
OS: 'Windows 11  (10.0.22631) 64bit Professional' Language: 'hu' Physical Memory: 16273 MB
BatchMode: 1, IsHumanControllingUs: 0, StartBugReporterOnCrash: 0, Is64bit: 1, IsPro: 1

COMMAND LINE ARGUMENTS:
C:\Program Files\Unity\Hub\Editor\2022.3.37f1\Editor\Unity.exe
-adb2
-batchMode
-noUpm
-name
AssetImportWorker1
-projectPath
D:/Petra/Egyetem/Unity_SZTE-s kurzus/Egyeb/Solar System
-logFile
Logs/AssetImportWorker1.log
-srvPort
63428
Successfully changed project path to: D:/Petra/Egyetem/Unity_SZTE-s kurzus/Egyeb/Solar System
D:/Petra/Egyetem/Unity_SZTE-s kurzus/Egyeb/Solar System
[UnityMemory] Configuration Parameters - Can be set up in boot.config
    "memorysetup-bucket-allocator-granularity=16"
    "memorysetup-bucket-allocator-bucket-count=8"
    "memorysetup-bucket-allocator-block-size=33554432"
    "memorysetup-bucket-allocator-block-count=8"
    "memorysetup-main-allocator-block-size=16777216"
    "memorysetup-thread-allocator-block-size=16777216"
    "memorysetup-gfx-main-allocator-block-size=16777216"
    "memorysetup-gfx-thread-allocator-block-size=16777216"
    "memorysetup-cache-allocator-block-size=4194304"
    "memorysetup-typetree-allocator-block-size=2097152"
    "memorysetup-profiler-bucket-allocator-granularity=16"
    "memorysetup-profiler-bucket-allocator-bucket-count=8"
    "memorysetup-profiler-bucket-allocator-block-size=33554432"
    "memorysetup-profiler-bucket-allocator-block-count=8"
    "memorysetup-profiler-allocator-block-size=16777216"
    "memorysetup-profiler-editor-allocator-block-size=1048576"
    "memorysetup-temp-allocator-size-main=16777216"
    "memorysetup-job-temp-allocator-block-size=2097152"
    "memorysetup-job-temp-allocator-block-size-background=1048576"
    "memorysetup-job-temp-allocator-reduction-small-platforms=262144"
    "memorysetup-allocator-temp-initial-block-size-main=262144"
    "memorysetup-allocator-temp-initial-block-size-worker=262144"
    "memorysetup-temp-allocator-size-background-worker=32768"
    "memorysetup-temp-allocator-size-job-worker=262144"
    "memorysetup-temp-allocator-size-preload-manager=33554432"
    "memorysetup-temp-allocator-size-nav-mesh-worker=65536"
    "memorysetup-temp-allocator-size-audio-worker=65536"
    "memorysetup-temp-allocator-size-cloud-worker=32768"
    "memorysetup-temp-allocator-size-gi-baking-worker=262144"
    "memorysetup-temp-allocator-size-gfx=262144"
Player connection [12284] Host "[IP] 192.168.0.45 [Port] 0 [Flags] 2 [Guid] 2326471242 [EditorId] 2326471242 [Version] 1048832 [Id] WindowsEditor(7,PetraPC) [Debug] 1 [PackageName] WindowsEditor [ProjectName] Editor" joined multi-casting on [225.0.0.222:54997]...

Player connection [12284] Host "[IP] 192.168.0.45 [Port] 0 [Flags] 2 [Guid] 2326471242 [EditorId] 2326471242 [Version] 1048832 [Id] WindowsEditor(7,PetraPC) [Debug] 1 [PackageName] WindowsEditor [ProjectName] Editor" joined alternative multi-casting on [225.0.0.222:34997]...

[PhysX] Initialized MultithreadedTaskDispatcher with 12 workers.
Refreshing native plugins compatible for Editor in 7.38 ms, found 3 plugins.
Preloading 0 native plugins for Editor in 0.00 ms.
Initialize engine version: 2022.3.37f1 (340ba89e4c23)
[Subsystems] Discovering subsystems at path C:/Program Files/Unity/Hub/Editor/2022.3.37f1/Editor/Data/Resources/UnitySubsystems
[Subsystems] Discovering subsystems at path D:/Petra/Egyetem/Unity_SZTE-s kurzus/Egyeb/Solar System/Assets
GfxDevice: creating device client; threaded=0; jobified=0
Direct3D:
    Version:  Direct3D 11.0 [level 11.1]
    Renderer: NVIDIA GeForce RTX 4060 (ID=0x2882)
    Vendor:   NVIDIA
    VRAM:     7971 MB
    Driver:   31.0.15.4629
Initialize mono
Mono path[0] = 'C:/Program Files/Unity/Hub/Editor/2022.3.37f1/Editor/Data/Managed'
Mono path[1] = 'C:/Program Files/Unity/Hub/Editor/2022.3.37f1/Editor/Data/MonoBleedingEdge/lib/mono/unityjit-win32'
Mono config path = 'C:/Program Files/Unity/Hub/Editor/2022.3.37f1/Editor/Data/MonoBleedingEdge/etc'
Using monoOptions --debugger-agent=transport=dt_socket,embedding=1,server=y,suspend=n,address=127.0.0.1:56620
Begin MonoManager ReloadAssembly
Registering precompiled unity dll's ...
Register platform support module: C:/Program Files/Unity/Hub/Editor/2022.3.37f1/Editor/Data/PlaybackEngines/WindowsStandaloneSupport/UnityEditor.WindowsStandalone.Extensions.dll
Registered in 0.004923 seconds.
- Loaded All Assemblies, in  0.282 seconds
Native extension for WindowsStandalone target not found
Mono: successfully reloaded assembly
- Finished resetting the current domain, in  0.210 seconds
Domain Reload Profiling: 491ms
	BeginReloadAssembly (88ms)
		ExecutionOrderSort (0ms)
		DisableScriptedObjects (0ms)
		BackupInstance (0ms)
		ReleaseScriptingObjects (0ms)
		CreateAndSetChildDomain (1ms)
	RebuildCommonClasses (29ms)
	RebuildNativeTypeToScriptingClass (8ms)
	initialDomainReloadingComplete (48ms)
	LoadAllAssembliesAndSetupDomain (107ms)
		LoadAssemblies (86ms)
		RebuildTransferFunctionScriptingTraits (0ms)
		AnalyzeDomain (105ms)
			TypeCache.Refresh (103ms)
				TypeCache.ScanAssembly (93ms)
			ScanForSourceGeneratedMonoScriptInfo (0ms)
			ResolveRequiredComponents (0ms)
	FinalizeReload (211ms)
		ReleaseScriptCaches (0ms)
		RebuildScriptCaches (0ms)
		SetupLoadedEditorAssemblies (164ms)
			LogAssemblyErrors (0ms)
			InitializePlatformSupportModulesInManaged (8ms)
			SetLoadedEditorAssemblies (6ms)
			RefreshPlugins (0ms)
			BeforeProcessingInitializeOnLoad (2ms)
			ProcessInitializeOnLoadAttributes (112ms)
			ProcessInitializeOnLoadMethodAttributes (37ms)
			AfterProcessingInitializeOnLoad (0ms)
			EditorAssembliesLoaded (0ms)
		ExecutionOrderSort2 (0ms)
		AwakeInstancesAfterBackupRestoration (0ms)
========================================================================
Worker process is ready to serve import requests
Begin MonoManager ReloadAssembly
- Loaded All Assemblies, in  0.505 seconds
Refreshing native plugins compatible for Editor in 1.95 ms, found 3 plugins.
Native extension for WindowsStandalone target not found
Package Manager log level set to [2]
[Package Manager] Server::EnsureServerProcessIsRunning -- launch failed, reason: Unity was launched with the -noUpm command-line argument
[Package Manager] UpmClient::Send -- Unable to send message (not connected to UPM process).
[Package Manager] Cannot connect to Unity Package Manager local server
Mono: successfully reloaded assembly
- Finished resetting the current domain, in  0.538 seconds
Domain Reload Profiling: 1043ms
	BeginReloadAssembly (124ms)
		ExecutionOrderSort (0ms)
		DisableScriptedObjects (4ms)
		BackupInstance (0ms)
		ReleaseScriptingObjects (0ms)
		CreateAndSetChildDomain (18ms)
	RebuildCommonClasses (30ms)
	RebuildNativeTypeToScriptingClass (11ms)
	initialDomainReloadingComplete (31ms)
	LoadAllAssembliesAndSetupDomain (308ms)
		LoadAssemblies (231ms)
		RebuildTransferFunctionScriptingTraits (0ms)
		AnalyzeDomain (153ms)
			TypeCache.Refresh (135ms)
				TypeCache.ScanAssembly (122ms)
			ScanForSourceGeneratedMonoScriptInfo (12ms)
			ResolveRequiredComponents (4ms)
	FinalizeReload (539ms)
		ReleaseScriptCaches (0ms)
		RebuildScriptCaches (0ms)
		SetupLoadedEditorAssemblies (398ms)
			LogAssemblyErrors (0ms)
			InitializePlatformSupportModulesInManaged (5ms)
			SetLoadedEditorAssemblies (4ms)
			RefreshPlugins (0ms)
			BeforeProcessingInitializeOnLoad (54ms)
			ProcessInitializeOnLoadAttributes (309ms)
			ProcessInitializeOnLoadMethodAttributes (21ms)
			AfterProcessingInitializeOnLoad (5ms)
			EditorAssembliesLoaded (0ms)
		ExecutionOrderSort2 (0ms)
		AwakeInstancesAfterBackupRestoration (7ms)
Launched and connected shader compiler UnityShaderCompiler.exe after 0.04 seconds
Refreshing native plugins compatible for Editor in 2.48 ms, found 3 plugins.
Preloading 0 native plugins for Editor in 0.00 ms.
Unloading 3095 Unused Serialized files (Serialized files now loaded: 0)
Unloading 33 unused Assets / (57.6 KB). Loaded Objects now: 3555.
Memory consumption went from 119.2 MB to 119.1 MB.
Total: 3.491000 ms (FindLiveObjects: 0.274400 ms CreateObjectMapping: 0.082900 ms MarkObjects: 3.041600 ms  DeleteObjects: 0.091100 ms)

AssetImportParameters requested are different than current active one (requested -> active):
  custom:container-demuxer-ogg: 62fdf1f143b41e24485cea50d1cbac27 -> 
  custom:video-codec-MediaFoundation-h265: 746d11721c4dcdbdad8f713fa42b33f4 -> 
  custom:video-decoder-ogg-theora: a1e56fd34408186e4bbccfd4996cb3dc -> 
  custom:framework-win-MediaFoundation: 216162199b28c13a410421893ffa2e32 -> 
  custom:CustomObjectIndexerAttribute: 9a22284fe3817be447336de3de66b15e -> 
  custom:container-demuxer-webm: 4f35f7cbe854078d1ac9338744f61a02 -> 
  custom:container-muxer-webm: aa71ff27fc2769a1b78a27578f13a17b -> 
  custom:video-decoder-webm-vp8: 9c59270c3fd7afecdb556c50c9e8de78 -> 
  custom:SearchIndexIgnoredProperties: e643bd26f0fe6173181afceb89e7c659 -> 
  custom:AudioImporter_EditorPlatform: d09bf68614088b80899f8185d706f6e7 -> 
  custom:video-encoder-webm-vp8: eb34c28f22e8b96e1ab97ce403110664 -> 
  custom:audio-decoder-ogg-vorbis: bf7c407c2cedff20999df2af8eb42d56 -> 
  custom:audio-encoder-webm-vorbis: bf7c407c2cedff20999df2af8eb42d56 -> 
========================================================================
Received Import Request.
  Time since last request: 770021.880747 seconds.
  path: Assets/Planets of the Solar System 3D
  artifactKey: Guid(145c4f114cca79145a1d35becf620b4f) Importer(815301076,1909f56bfc062723c751e8b465ee728b)
Start importing Assets/Planets of the Solar System 3D using Guid(145c4f114cca79145a1d35becf620b4f) Importer(815301076,1909f56bfc062723c751e8b465ee728b) [PhysX] Initialized MultithreadedTaskDispatcher with 12 workers.
 -> (artifact id: '987c929730a8b9826360bf714f0a9d23') in 0.003602 seconds
Number of updated asset objects reloaded before import = 0
Number of asset objects unloaded after import = 0
========================================================================
Received Import Request.
  Time since last request: 0.002590 seconds.
  path: Assets/Planets of the Solar System 3D/Shaders
  artifactKey: Guid(25858cb06fc94f54faa64009e89649ce) Importer(815301076,1909f56bfc062723c751e8b465ee728b)
Start importing Assets/Planets of the Solar System 3D/Shaders using Guid(25858cb06fc94f54faa64009e89649ce) Importer(815301076,1909f56bfc062723c751e8b465ee728b) [PhysX] Initialized MultithreadedTaskDispatcher with 12 workers.
 -> (artifact id: 'b291d8c698e19e769eacd1d2b95c9548') in 0.000394 seconds
Number of updated asset objects reloaded before import = 0
Number of asset objects unloaded after import = 0
========================================================================
Received Import Request.
  Time since last request: 22.085540 seconds.
  path: Assets/Planets of the Solar System 3D/Settings/POTSS_UniversalRP_Renderer.asset
  artifactKey: Guid(55e92ec17c92445238419d35d8900259) Importer(815301076,1909f56bfc062723c751e8b465ee728b)
Start importing Assets/Planets of the Solar System 3D/Settings/POTSS_UniversalRP_Renderer.asset using Guid(55e92ec17c92445238419d35d8900259) Importer(815301076,1909f56bfc062723c751e8b465ee728b) [PhysX] Initialized MultithreadedTaskDispatcher with 12 workers.
 -> (artifact id: 'a2937057d50c9123d5a14b685b75039d') in 0.001559 seconds
Number of updated asset objects reloaded before import = 0
Number of asset objects unloaded after import = 1
========================================================================
Received Import Request.
  Time since last request: 3.108091 seconds.
  path: Assets/Planets of the Solar System 3D/Prefabs/Asteroids Sphere.prefab
  artifactKey: Guid(05f83c52d1bc44293a6b0b2bee748289) Importer(815301076,1909f56bfc062723c751e8b465ee728b)
Start importing Assets/Planets of the Solar System 3D/Prefabs/Asteroids Sphere.prefab using Guid(05f83c52d1bc44293a6b0b2bee748289) Importer(815301076,1909f56bfc062723c751e8b465ee728b) [PhysX] Initialized MultithreadedTaskDispatcher with 12 workers.
[PhysX] Initialized MultithreadedTaskDispatcher with 12 workers.
 -> (artifact id: 'a132a8125ea5c13d3ac906b1821b7c5e') in 0.100679 seconds
Number of updated asset objects reloaded before import = 0
Number of asset objects unloaded after import = 12
========================================================================
Received Import Request.
  Time since last request: 0.000025 seconds.
  path: Assets/Planets of the Solar System 3D/Prefabs/Neptune.prefab
  artifactKey: Guid(5d1442ad8c11442988e0eca5d8af73f0) Importer(815301076,1909f56bfc062723c751e8b465ee728b)
Start importing Assets/Planets of the Solar System 3D/Prefabs/Neptune.prefab using Guid(5d1442ad8c11442988e0eca5d8af73f0) Importer(815301076,1909f56bfc062723c751e8b465ee728b) [PhysX] Initialized MultithreadedTaskDispatcher with 12 workers.
[PhysX] Initialized MultithreadedTaskDispatcher with 12 workers.
 -> (artifact id: 'a57eec1a4664dc311f7842060be6eca9') in 0.076264 seconds
Number of updated asset objects reloaded before import = 0
Number of asset objects unloaded after import = 24
========================================================================
Received Import Request.
  Time since last request: 0.000015 seconds.
  path: Assets/Planets of the Solar System 3D/Prefabs/Earth.prefab
  artifactKey: Guid(300f80108a63f48618cb4a1c8b8c1e86) Importer(815301076,1909f56bfc062723c751e8b465ee728b)
Start importing Assets/Planets of the Solar System 3D/Prefabs/Earth.prefab using Guid(300f80108a63f48618cb4a1c8b8c1e86) Importer(815301076,1909f56bfc062723c751e8b465ee728b) [PhysX] Initialized MultithreadedTaskDispatcher with 12 workers.
[PhysX] Initialized MultithreadedTaskDispatcher with 12 workers.
 -> (artifact id: '924d609a71d16a8f66e655de9becc21e') in 0.016337 seconds
Number of updated asset objects reloaded before import = 0
Number of asset objects unloaded after import = 24
========================================================================
Received Import Request.
  Time since last request: 0.000035 seconds.
  path: Assets/Planets of the Solar System 3D/Prefabs/Nebula_00.prefab
  artifactKey: Guid(0d6eac9ae2914445e800eedd322e8b8d) Importer(815301076,1909f56bfc062723c751e8b465ee728b)
Start importing Assets/Planets of the Solar System 3D/Prefabs/Nebula_00.prefab using Guid(0d6eac9ae2914445e800eedd322e8b8d) Importer(815301076,1909f56bfc062723c751e8b465ee728b) [PhysX] Initialized MultithreadedTaskDispatcher with 12 workers.
[PhysX] Initialized MultithreadedTaskDispatcher with 12 workers.
 -> (artifact id: '39f5847297e7fa22ff4025973b84aded') in 0.013947 seconds
Number of updated asset objects reloaded before import = 0
Number of asset objects unloaded after import = 12
========================================================================
Received Import Request.
  Time since last request: 0.000014 seconds.
  path: Assets/Planets of the Solar System 3D/Prefabs/Saturn.prefab
  artifactKey: Guid(b4201d402613a4464b35c805dafcca62) Importer(815301076,1909f56bfc062723c751e8b465ee728b)
Start importing Assets/Planets of the Solar System 3D/Prefabs/Saturn.prefab using Guid(b4201d402613a4464b35c805dafcca62) Importer(815301076,1909f56bfc062723c751e8b465ee728b) [PhysX] Initialized MultithreadedTaskDispatcher with 12 workers.
[PhysX] Initialized MultithreadedTaskDispatcher with 12 workers.
 -> (artifact id: '2e603f696e6b6eb0ed8172b4a19d42e7') in 0.015501 seconds
Number of updated asset objects reloaded before import = 0
Number of asset objects unloaded after import = 31
========================================================================
Received Import Request.
  Time since last request: 0.000016 seconds.
  path: Assets/Planets of the Solar System 3D/Prefabs/Venus.prefab
  artifactKey: Guid(835acc1a9ebe24c0fa3854c99346f9cd) Importer(815301076,1909f56bfc062723c751e8b465ee728b)
Start importing Assets/Planets of the Solar System 3D/Prefabs/Venus.prefab using Guid(835acc1a9ebe24c0fa3854c99346f9cd) Importer(815301076,1909f56bfc062723c751e8b465ee728b) [PhysX] Initialized MultithreadedTaskDispatcher with 12 workers.
[PhysX] Initialized MultithreadedTaskDispatcher with 12 workers.
 -> (artifact id: '86dbd8651782d8cbe38dd5072ce6f7a6') in 0.015326 seconds
Number of updated asset objects reloaded before import = 0
Number of asset objects unloaded after import = 24
========================================================================
Received Import Request.
  Time since last request: 0.000021 seconds.
  path: Assets/Planets of the Solar System 3D/Prefabs/Uranus.prefab
  artifactKey: Guid(c91342f6e3afc48fd958056404ead345) Importer(815301076,1909f56bfc062723c751e8b465ee728b)
Start importing Assets/Planets of the Solar System 3D/Prefabs/Uranus.prefab using Guid(c91342f6e3afc48fd958056404ead345) Importer(815301076,1909f56bfc062723c751e8b465ee728b) [PhysX] Initialized MultithreadedTaskDispatcher with 12 workers.
[PhysX] Initialized MultithreadedTaskDispatcher with 12 workers.
 -> (artifact id: '028c229e838d41c2d481699299cf3c37') in 0.013435 seconds
Number of updated asset objects reloaded before import = 0
Number of asset objects unloaded after import = 24
========================================================================
Received Import Request.
  Time since last request: 0.000025 seconds.
  path: Assets/Planets of the Solar System 3D/Prefabs/Moon.prefab
  artifactKey: Guid(f9a741bb8762344c6a2a9cb4217ef728) Importer(815301076,1909f56bfc062723c751e8b465ee728b)
Start importing Assets/Planets of the Solar System 3D/Prefabs/Moon.prefab using Guid(f9a741bb8762344c6a2a9cb4217ef728) Importer(815301076,1909f56bfc062723c751e8b465ee728b) [PhysX] Initialized MultithreadedTaskDispatcher with 12 workers.
[PhysX] Initialized MultithreadedTaskDispatcher with 12 workers.
 -> (artifact id: '5a637e7afabb73fb4c884a083998b4af') in 0.011911 seconds
Number of updated asset objects reloaded before import = 0
Number of asset objects unloaded after import = 24
========================================================================
Received Import Request.
  Time since last request: 9.294466 seconds.
  path: Assets/Planets of the Solar System 3D/Materials/URP_Asteroid.mat
  artifactKey: Guid(b5ead511677a448758f7cd3c61b8e557) Importer(815301076,1909f56bfc062723c751e8b465ee728b)
Start importing Assets/Planets of the Solar System 3D/Materials/URP_Asteroid.mat using Guid(b5ead511677a448758f7cd3c61b8e557) Importer(815301076,1909f56bfc062723c751e8b465ee728b) [PhysX] Initialized MultithreadedTaskDispatcher with 12 workers.
[PhysX] Initialized MultithreadedTaskDispatcher with 12 workers.
 -> (artifact id: '118753f2d10a0b4e1347402c1708f8c5') in 0.031710 seconds
Number of updated asset objects reloaded before import = 0
Number of asset objects unloaded after import = 2
========================================================================
Received Import Request.
  Time since last request: 0.000024 seconds.
  path: Assets/Planets of the Solar System 3D/Materials/URP_Saturn_Lod.mat
  artifactKey: Guid(b50a4cf008d5346299340465ad3583f7) Importer(815301076,1909f56bfc062723c751e8b465ee728b)
Start importing Assets/Planets of the Solar System 3D/Materials/URP_Saturn_Lod.mat using Guid(b50a4cf008d5346299340465ad3583f7) Importer(815301076,1909f56bfc062723c751e8b465ee728b) [PhysX] Initialized MultithreadedTaskDispatcher with 12 workers.
[PhysX] Initialized MultithreadedTaskDispatcher with 12 workers.
 -> (artifact id: '766e2de9166cb1fc15392c73d531a079') in 0.009209 seconds
Number of updated asset objects reloaded before import = 0
Number of asset objects unloaded after import = 2
========================================================================
Received Import Request.
  Time since last request: 0.000025 seconds.
  path: Assets/Planets of the Solar System 3D/Materials/URP_Neptune_2k.mat
  artifactKey: Guid(f29f4f3d96cac4e53954f0d84aad655d) Importer(815301076,1909f56bfc062723c751e8b465ee728b)
Start importing Assets/Planets of the Solar System 3D/Materials/URP_Neptune_2k.mat using Guid(f29f4f3d96cac4e53954f0d84aad655d) Importer(815301076,1909f56bfc062723c751e8b465ee728b) [PhysX] Initialized MultithreadedTaskDispatcher with 12 workers.
[PhysX] Initialized MultithreadedTaskDispatcher with 12 workers.
 -> (artifact id: '12588601ec6ae8bf1212e3647672b993') in 0.008045 seconds
Number of updated asset objects reloaded before import = 0
Number of asset objects unloaded after import = 2
========================================================================
Received Import Request.
  Time since last request: 0.000014 seconds.
  path: Assets/Planets of the Solar System 3D/Materials/URP_Mars_Lod.mat
  artifactKey: Guid(9a4f43f54cabf468ba39d389732e09f0) Importer(815301076,1909f56bfc062723c751e8b465ee728b)
Start importing Assets/Planets of the Solar System 3D/Materials/URP_Mars_Lod.mat using Guid(9a4f43f54cabf468ba39d389732e09f0) Importer(815301076,1909f56bfc062723c751e8b465ee728b) [PhysX] Initialized MultithreadedTaskDispatcher with 12 workers.
[PhysX] Initialized MultithreadedTaskDispatcher with 12 workers.
 -> (artifact id: '743892df95b2d49355f77e19d0900dc7') in 0.009414 seconds
Number of updated asset objects reloaded before import = 0
Number of asset objects unloaded after import = 2
========================================================================
Received Import Request.
  Time since last request: 0.000020 seconds.
  path: Assets/Planets of the Solar System 3D/Materials/URP_Uranus_Lod.mat
  artifactKey: Guid(3e08908404675454997e033538768b64) Importer(815301076,1909f56bfc062723c751e8b465ee728b)
Start importing Assets/Planets of the Solar System 3D/Materials/URP_Uranus_Lod.mat using Guid(3e08908404675454997e033538768b64) Importer(815301076,1909f56bfc062723c751e8b465ee728b) [PhysX] Initialized MultithreadedTaskDispatcher with 12 workers.
[PhysX] Initialized MultithreadedTaskDispatcher with 12 workers.
 -> (artifact id: '61f1be2f117e5a8673fd180a2b8b5e10') in 0.013612 seconds
Number of updated asset objects reloaded before import = 0
Number of asset objects unloaded after import = 2
========================================================================
Received Import Request.
  Time since last request: 0.000015 seconds.
  path: Assets/Planets of the Solar System 3D/Materials/URP_Sun Sphere.mat
  artifactKey: Guid(a88ffc134d0ae4e1b93afd6b311c9d56) Importer(815301076,1909f56bfc062723c751e8b465ee728b)
Start importing Assets/Planets of the Solar System 3D/Materials/URP_Sun Sphere.mat using Guid(a88ffc134d0ae4e1b93afd6b311c9d56) Importer(815301076,1909f56bfc062723c751e8b465ee728b) [PhysX] Initialized MultithreadedTaskDispatcher with 12 workers.
[PhysX] Initialized MultithreadedTaskDispatcher with 12 workers.
 -> (artifact id: '070d1ce9bd77ea4531a7f1e61b7df888') in 0.006173 seconds
Number of updated asset objects reloaded before import = 0
Number of asset objects unloaded after import = 1
========================================================================
Received Import Request.
  Time since last request: 0.000020 seconds.
  path: Assets/Planets of the Solar System 3D/Materials/URP_Jupiter_2k.mat
  artifactKey: Guid(957a2e19e0e14495fbce6467614c3e43) Importer(815301076,1909f56bfc062723c751e8b465ee728b)
Start importing Assets/Planets of the Solar System 3D/Materials/URP_Jupiter_2k.mat using Guid(957a2e19e0e14495fbce6467614c3e43) Importer(815301076,1909f56bfc062723c751e8b465ee728b) [PhysX] Initialized MultithreadedTaskDispatcher with 12 workers.
[PhysX] Initialized MultithreadedTaskDispatcher with 12 workers.
 -> (artifact id: '9664e162a2f9c2e4224ecb87fcb6c688') in 0.006200 seconds
Number of updated asset objects reloaded before import = 0
Number of asset objects unloaded after import = 2
========================================================================
Received Import Request.
  Time since last request: 0.000022 seconds.
  path: Assets/Planets of the Solar System 3D/Materials/URP_Venus_Lod.mat
  artifactKey: Guid(91d202aeca59041238b6784ce9aecde4) Importer(815301076,1909f56bfc062723c751e8b465ee728b)
Start importing Assets/Planets of the Solar System 3D/Materials/URP_Venus_Lod.mat using Guid(91d202aeca59041238b6784ce9aecde4) Importer(815301076,1909f56bfc062723c751e8b465ee728b) [PhysX] Initialized MultithreadedTaskDispatcher with 12 workers.
[PhysX] Initialized MultithreadedTaskDispatcher with 12 workers.
 -> (artifact id: 'd0e85a42e67588a68546780bccd3cde2') in 0.008070 seconds
Number of updated asset objects reloaded before import = 0
Number of asset objects unloaded after import = 2
========================================================================
Received Import Request.
  Time since last request: 0.000014 seconds.
  path: Assets/Planets of the Solar System 3D/Materials/URP_Mars_2k.mat
  artifactKey: Guid(8a5995a14cffc46c9946c25b14f7c26c) Importer(815301076,1909f56bfc062723c751e8b465ee728b)
Start importing Assets/Planets of the Solar System 3D/Materials/URP_Mars_2k.mat using Guid(8a5995a14cffc46c9946c25b14f7c26c) Importer(815301076,1909f56bfc062723c751e8b465ee728b) [PhysX] Initialized MultithreadedTaskDispatcher with 12 workers.
[PhysX] Initialized MultithreadedTaskDispatcher with 12 workers.
 -> (artifact id: '5ba460b20ad24db3bf385b9d684510ac') in 0.009474 seconds
Number of updated asset objects reloaded before import = 0
Number of asset objects unloaded after import = 2
========================================================================
Received Import Request.
  Time since last request: 0.000030 seconds.
  path: Assets/Planets of the Solar System 3D/Materials/URP_Saturn_Ring.mat
  artifactKey: Guid(e35abc06097ca4fcda800d7ee918a9cb) Importer(815301076,1909f56bfc062723c751e8b465ee728b)
Start importing Assets/Planets of the Solar System 3D/Materials/URP_Saturn_Ring.mat using Guid(e35abc06097ca4fcda800d7ee918a9cb) Importer(815301076,1909f56bfc062723c751e8b465ee728b) [PhysX] Initialized MultithreadedTaskDispatcher with 12 workers.
[PhysX] Initialized MultithreadedTaskDispatcher with 12 workers.
 -> (artifact id: '9bed709ee0b4df0e0d55d09f0f2e0f47') in 0.007898 seconds
Number of updated asset objects reloaded before import = 0
Number of asset objects unloaded after import = 2
========================================================================
Received Import Request.
  Time since last request: 0.000020 seconds.
  path: Assets/Planets of the Solar System 3D/Materials/URP_Neptune_Lod.mat
  artifactKey: Guid(b5bad6a4e27f8409898cc9791fcc860a) Importer(815301076,1909f56bfc062723c751e8b465ee728b)
Start importing Assets/Planets of the Solar System 3D/Materials/URP_Neptune_Lod.mat using Guid(b5bad6a4e27f8409898cc9791fcc860a) Importer(815301076,1909f56bfc062723c751e8b465ee728b) [PhysX] Initialized MultithreadedTaskDispatcher with 12 workers.
[PhysX] Initialized MultithreadedTaskDispatcher with 12 workers.
 -> (artifact id: '6ef0b1835a2ad1707a8f8910976b2e48') in 0.011139 seconds
Number of updated asset objects reloaded before import = 0
Number of asset objects unloaded after import = 2
========================================================================
Received Import Request.
  Time since last request: 0.000017 seconds.
  path: Assets/Planets of the Solar System 3D/Materials/URP_Sun.mat
  artifactKey: Guid(1e14bb05546c54c5592fd7918d09db74) Importer(815301076,1909f56bfc062723c751e8b465ee728b)
Start importing Assets/Planets of the Solar System 3D/Materials/URP_Sun.mat using Guid(1e14bb05546c54c5592fd7918d09db74) Importer(815301076,1909f56bfc062723c751e8b465ee728b) [PhysX] Initialized MultithreadedTaskDispatcher with 12 workers.
[PhysX] Initialized MultithreadedTaskDispatcher with 12 workers.
 -> (artifact id: 'd80744ffada3661ccfcdc7ef81cce97d') in 0.005924 seconds
Number of updated asset objects reloaded before import = 0
Number of asset objects unloaded after import = 1
Editor requested this worker to shutdown with reason: Scaling down because of idle timeout
TcpMessagingSession - receive error: operation aborted. errorcode: 995, details: Az I/O mûvelet megszakítva. (Egy folyamat véget ért, vagy egy alkalmazás megszakította az I/O mûveletet.)
AssetImportWorker is now disconnected from the server
Process exiting
Exiting without the bug reporter. Application will terminate with return code 0